<?xml version="1.0" encoding="UTF-8"?>
<!-- Generated by org.testng.reporters.JUnitReportReporter -->
<testsuite hostname="DESKTOP-HOF3APB" failures="0" tests="1" name="test.LoginTest" time="4.652" errors="0" timestamp="26 May 2024 17:40:59 GMT" skipped="0">
  <testcase classname="test.LoginTest" name="validateAlertPopup" time="4.652"/>
</testsuite> <!-- test.LoginTest -->
